
     Program epsilon v.7.1 starts on 31May2023 at 15:32:51 

     This program is part of the open-source Quantum ESPRESSO suite
     for quantum simulation of materials; please cite
         "P. Giannozzi et al., J. Phys.:Condens. Matter 21 395502 (2009);
         "P. Giannozzi et al., J. Phys.:Condens. Matter 29 465901 (2017);
         "P. Giannozzi et al., J. Chem. Phys. 152 154105 (2020);
          URL http://www.quantum-espresso.org", 
     in publications or presentations arising from this work. More details at
     http://www.quantum-espresso.org/quote

     Parallel version (MPI), running on    20 processors

     MPI processes distributed on     1 nodes
     R & G space division:  proc/nbgrp/npool/nimage =      20
     2355 MiB available memory on the printing compute node when the environment starts
 


     Reading input file...
     Broadcasting variables...
     Reading PW restart file...

     Reading xml data from directory:

     ./work/Si.save/

     IMPORTANT: XC functional enforced from input :
     Exchange-correlation= PZ
                           (   1   1   0   0   0   0   0)
     Any further DFT definition will be discarded
     Please, verify this is what you really want

 
     Parallelization info
     --------------------
     sticks:   dense  smooth     PW     G-vecs:    dense   smooth      PW
     Min          57      57     17                 1275     1275     213
     Max          58      58     18                 1277     1277     216
     Sum        1147    1147    349                25509    25509    4285
 
     Using Slab Decomposition
 


     Fermi energy [eV] is:  6.29358
     The system is a dielectric...
     metallic system: redefining wmin =     0.000000

     Performing eps calculation...

     xx,yy,zz plasmon frequences [eV] are:    16.976977259   16.976977259   16.976977259

     Writing output on file...


     eps          :     80.58s CPU    152.68s WALL (       1 calls)
     dipole_calc  :     50.19s CPU    117.79s WALL (   32768 calls)
 
 
     epsilon      :   1m42.24s CPU   3m 0.87s WALL

 
   This run was terminated on:  15:35:52  31May2023            

=------------------------------------------------------------------------------=
   JOB DONE.
=------------------------------------------------------------------------------=
